TN:
SF:functions.js
FN:2,(anonymous_0)
FN:10,(anonymous_1)
FN:16,(anonymous_2)
FN:25,(anonymous_3)
FN:28,(anonymous_4)
FN:31,(anonymous_5)
FN:34,(anonymous_6)
FNF:7
FNH:7
FNDA:3,(anonymous_0)
FNDA:1,(anonymous_1)
FNDA:4,(anonymous_2)
FNDA:1,(anonymous_3)
FNDA:1,(anonymous_4)
FNDA:1,(anonymous_5)
FNDA:1,(anonymous_6)
DA:1,1
DA:3,3
DA:4,1
DA:5,1
DA:7,2
DA:11,1
DA:12,1
DA:13,1
DA:14,1
DA:17,4
DA:18,4
DA:19,4
DA:20,4
DA:24,1
DA:26,1
DA:29,1
DA:32,1
DA:35,1
DA:40,1
DA:45,1
DA:47,1
LF:21
LH:21
BRDA:3,0,0,1
BRDA:3,0,1,2
BRDA:3,1,0,3
BRDA:3,1,1,2
BRF:4
BRH:4
end_of_record
